{"/Users/carloseduardo/Documents/devskin/products-api/src/controllers/ProductController.js": {"path":"/Users/carloseduardo/Documents/devskin/products-api/src/controllers/ProductController.js","statementMap":{"0":{"start":{"line":1,"column":16},"end":{"line":1,"column":44}},"1":{"start":{"line":3,"column":0},"end":{"line":90,"column":1}},"2":{"start":{"line":5,"column":4},"end":{"line":10,"column":9}},"3":{"start":{"line":6,"column":27},"end":{"line":6,"column":47}},"4":{"start":{"line":7,"column":10},"end":{"line":7,"column":29}},"5":{"start":{"line":9,"column":10},"end":{"line":9,"column":57}},"6":{"start":{"line":14,"column":4},"end":{"line":22,"column":7}},"7":{"start":{"line":15,"column":24},"end":{"line":15,"column":61}},"8":{"start":{"line":16,"column":8},"end":{"line":18,"column":9}},"9":{"start":{"line":17,"column":10},"end":{"line":17,"column":72}},"10":{"start":{"line":19,"column":8},"end":{"line":19,"column":26}},"11":{"start":{"line":21,"column":8},"end":{"line":21,"column":55}},"12":{"start":{"line":26,"column":4},"end":{"line":43,"column":5}},"13":{"start":{"line":27,"column":43},"end":{"line":27,"column":51}},"14":{"start":{"line":28,"column":25},"end":{"line":28,"column":66}},"15":{"start":{"line":29,"column":31},"end":{"line":29,"column":56}},"16":{"start":{"line":31,"column":6},"end":{"line":37,"column":7}},"17":{"start":{"line":32,"column":23},"end":{"line":35,"column":11}},"18":{"start":{"line":32,"column":72},"end":{"line":35,"column":9}},"19":{"start":{"line":36,"column":8},"end":{"line":36,"column":48}},"20":{"start":{"line":39,"column":6},"end":{"line":39,"column":30}},"21":{"start":{"line":40,"column":6},"end":{"line":40,"column":39}},"22":{"start":{"line":42,"column":6},"end":{"line":42,"column":53}},"23":{"start":{"line":47,"column":4},"end":{"line":56,"column":5}},"24":{"start":{"line":48,"column":43},"end":{"line":48,"column":51}},"25":{"start":{"line":49,"column":29},"end":{"line":49,"column":120}},"26":{"start":{"line":50,"column":6},"end":{"line":52,"column":7}},"27":{"start":{"line":51,"column":8},"end":{"line":51,"column":70}},"28":{"start":{"line":53,"column":6},"end":{"line":53,"column":31}},"29":{"start":{"line":55,"column":6},"end":{"line":55,"column":53}},"30":{"start":{"line":60,"column":4},"end":{"line":68,"column":5}},"31":{"start":{"line":61,"column":29},"end":{"line":61,"column":75}},"32":{"start":{"line":62,"column":6},"end":{"line":64,"column":7}},"33":{"start":{"line":63,"column":8},"end":{"line":63,"column":70}},"34":{"start":{"line":65,"column":6},"end":{"line":65,"column":47}},"35":{"start":{"line":67,"column":6},"end":{"line":67,"column":53}},"36":{"start":{"line":72,"column":4},"end":{"line":78,"column":5}},"37":{"start":{"line":73,"column":23},"end":{"line":73,"column":52}},"38":{"start":{"line":74,"column":23},"end":{"line":74,"column":71}},"39":{"start":{"line":75,"column":6},"end":{"line":75,"column":25}},"40":{"start":{"line":77,"column":6},"end":{"line":77,"column":53}},"41":{"start":{"line":82,"column":4},"end":{"line":88,"column":5}},"42":{"start":{"line":83,"column":22},"end":{"line":83,"column":40}},"43":{"start":{"line":84,"column":23},"end":{"line":84,"column":94}},"44":{"start":{"line":85,"column":6},"end":{"line":85,"column":25}},"45":{"start":{"line":87,"column":6},"end":{"line":87,"column":53}}},"fnMap":{"0":{"name":"(anonymous_0)","decl":{"start":{"line":4,"column":2},"end":{"line":4,"column":3}},"loc":{"start":{"line":4,"column":26},"end":{"line":11,"column":3}},"line":4},"1":{"name":"(anonymous_1)","decl":{"start":{"line":13,"column":2},"end":{"line":13,"column":3}},"loc":{"start":{"line":13,"column":23},"end":{"line":23,"column":3}},"line":13},"2":{"name":"(anonymous_2)","decl":{"start":{"line":25,"column":2},"end":{"line":25,"column":3}},"loc":{"start":{"line":25,"column":26},"end":{"line":44,"column":3}},"line":25},"3":{"name":"(anonymous_3)","decl":{"start":{"line":32,"column":64},"end":{"line":32,"column":65}},"loc":{"start":{"line":32,"column":72},"end":{"line":35,"column":9}},"line":32},"4":{"name":"(anonymous_4)","decl":{"start":{"line":46,"column":2},"end":{"line":46,"column":3}},"loc":{"start":{"line":46,"column":27},"end":{"line":57,"column":3}},"line":46},"5":{"name":"(anonymous_5)","decl":{"start":{"line":59,"column":2},"end":{"line":59,"column":3}},"loc":{"start":{"line":59,"column":28},"end":{"line":69,"column":3}},"line":59},"6":{"name":"(anonymous_6)","decl":{"start":{"line":71,"column":2},"end":{"line":71,"column":3}},"loc":{"start":{"line":71,"column":30},"end":{"line":79,"column":3}},"line":71},"7":{"name":"(anonymous_7)","decl":{"start":{"line":81,"column":2},"end":{"line":81,"column":3}},"loc":{"start":{"line":81,"column":36},"end":{"line":89,"column":3}},"line":81}},"branchMap":{"0":{"loc":{"start":{"line":16,"column":8},"end":{"line":18,"column":9}},"type":"if","locations":[{"start":{"line":16,"column":8},"end":{"line":18,"column":9}},{"start":{},"end":{}}],"line":16},"1":{"loc":{"start":{"line":31,"column":6},"end":{"line":37,"column":7}},"type":"if","locations":[{"start":{"line":31,"column":6},"end":{"line":37,"column":7}},{"start":{},"end":{}}],"line":31},"2":{"loc":{"start":{"line":50,"column":6},"end":{"line":52,"column":7}},"type":"if","locations":[{"start":{"line":50,"column":6},"end":{"line":52,"column":7}},{"start":{},"end":{}}],"line":50},"3":{"loc":{"start":{"line":62,"column":6},"end":{"line":64,"column":7}},"type":"if","locations":[{"start":{"line":62,"column":6},"end":{"line":64,"column":7}},{"start":{},"end":{}}],"line":62}},"s":{"0":1,"1":1,"2":2,"3":2,"4":1,"5":1,"6":0,"7":0,"8":0,"9":0,"10":0,"11":0,"12":1,"13":1,"14":1,"15":1,"16":1,"17":0,"18":0,"19":0,"20":1,"21":1,"22":0,"23":1,"24":1,"25":1,"26":1,"27":1,"28":0,"29":0,"30":1,"31":1,"32":1,"33":0,"34":1,"35":0,"36":0,"37":0,"38":0,"39":0,"40":0,"41":0,"42":0,"43":0,"44":0,"45":0},"f":{"0":2,"1":0,"2":1,"3":0,"4":1,"5":1,"6":0,"7":0},"b":{"0":[0,0],"1":[0,1],"2":[1,0],"3":[0,1]},"_coverageSchema":"1a1c01bbd47fc00a2c39e90264f33305004495a9","hash":"8f517c932d478498e903b15fbb47552c676deabf"}
,"/Users/carloseduardo/Documents/devskin/products-api/src/models/Product.js": {"path":"/Users/carloseduardo/Documents/devskin/products-api/src/models/Product.js","statementMap":{"0":{"start":{"line":1,"column":17},"end":{"line":1,"column":36}},"1":{"start":{"line":3,"column":22},"end":{"line":16,"column":2}},"2":{"start":{"line":18,"column":16},"end":{"line":18,"column":56}},"3":{"start":{"line":20,"column":0},"end":{"line":20,"column":25}}},"fnMap":{},"branchMap":{},"s":{"0":2,"1":2,"2":2,"3":2},"f":{},"b":{},"_coverageSchema":"1a1c01bbd47fc00a2c39e90264f33305004495a9","hash":"0a43f0f1f53c44d3efa6e62301ed55fe4acca363"}
}
